[debug] [2024-06-29T10:42:04.095Z] ----------------------------------------------------------------------
[debug] [2024-06-29T10:42:04.106Z] Command:       /usr/local/bin/node /usr/local/bin/firebase deploy
[debug] [2024-06-29T10:42:04.106Z] CLI Version:   13.12.0
[debug] [2024-06-29T10:42:04.107Z] Platform:      darwin
[debug] [2024-06-29T10:42:04.107Z] Node Version:  v20.12.2
[debug] [2024-06-29T10:42:04.107Z] Time:          Sat Jun 29 2024 03:42:04 GMT-0700 (Pacific Daylight Time)
[debug] [2024-06-29T10:42:04.107Z] ----------------------------------------------------------------------
[debug] 
[debug] [2024-06-29T10:42:04.300Z] > command requires scopes: ["email","openid","https://www.googleapis.com/auth/cloudplatformprojects.readonly","https://www.googleapis.com/auth/firebase","https://www.googleapis.com/auth/cloud-platform"]
[debug] [2024-06-29T10:42:04.301Z] > authorizing via signed-in user (newcodix@gmail.com)
[debug] [2024-06-29T10:42:04.301Z] [iam] checking project stockeliteoptions for permissions ["firebase.projects.get","firebasehosting.sites.update"]
[debug] [2024-06-29T10:42:04.304Z] >>> [apiv2][query] POST https://cloudresourcemanager.googleapis.com/v1/projects/stockeliteoptions:testIamPermissions [none]
[debug] [2024-06-29T10:42:04.304Z] >>> [apiv2][(partial)header] POST https://cloudresourcemanager.googleapis.com/v1/projects/stockeliteoptions:testIamPermissions x-goog-quota-user=projects/stockeliteoptions
[debug] [2024-06-29T10:42:04.304Z] >>> [apiv2][body] POST https://cloudresourcemanager.googleapis.com/v1/projects/stockeliteoptions:testIamPermissions {"permissions":["firebase.projects.get","firebasehosting.sites.update"]}
[debug] [2024-06-29T10:42:06.103Z] <<< [apiv2][status] POST https://cloudresourcemanager.googleapis.com/v1/projects/stockeliteoptions:testIamPermissions 200
[debug] [2024-06-29T10:42:06.104Z] <<< [apiv2][body] POST https://cloudresourcemanager.googleapis.com/v1/projects/stockeliteoptions:testIamPermissions {"permissions":["firebase.projects.get","firebasehosting.sites.update"]}
[debug] [2024-06-29T10:42:06.107Z] >>> [apiv2][query] GET https://firebase.googleapis.com/v1beta1/projects/stockeliteoptions [none]
[debug] [2024-06-29T10:42:06.831Z] <<< [apiv2][status] GET https://firebase.googleapis.com/v1beta1/projects/stockeliteoptions 200
[debug] [2024-06-29T10:42:06.832Z] <<< [apiv2][body] GET https://firebase.googleapis.com/v1beta1/projects/stockeliteoptions {"projectId":"stockeliteoptions","projectNumber":"128197292169","displayName":"stockeliteoptions","name":"projects/stockeliteoptions","resources":{"hostingSite":"stockeliteoptions","storageBucket":"stockeliteoptions.appspot.com","locationId":"us-central"},"state":"ACTIVE","etag":"1_34c4ba22-f02d-4bad-8c51-3d66cdabde5f"}
[info] 
[info] === Deploying to 'stockeliteoptions'...
[info] 
[info] i  deploying hosting 
[debug] [2024-06-29T10:42:06.843Z] >>> [apiv2][query] POST https://firebasehosting.googleapis.com/v1beta1/projects/-/sites/stockeliteoptions/versions [none]
[debug] [2024-06-29T10:42:06.843Z] >>> [apiv2][body] POST https://firebasehosting.googleapis.com/v1beta1/projects/-/sites/stockeliteoptions/versions {"status":"CREATED","labels":{"deployment-tool":"cli-firebase"}}
